e:\live\vs2017\live666\live666\debug\vc141.pdb
e:\live\vs2017\live666\live666\debug\vc141.idb
e:\live\vs2017\live666\live666\debug\amraudiofilesink.obj
e:\live\vs2017\live666\live666\debug\amraudiofileservermediasubsession.obj
e:\live\vs2017\live666\live666\debug\adtsaudiofilesource.obj
e:\live\vs2017\live666\live666\debug\adtsaudiofileservermediasubsession.obj
e:\live\vs2017\live666\live666\debug\ac3audiostreamframer.obj
e:\live\vs2017\live666\live666\debug\ac3audiortpsource.obj
e:\live\vs2017\live666\live666\debug\ac3audiortpsink.obj
e:\live\vs2017\live666\live666\debug\ac3audiofileservermediasubsession.obj
e:\live\vs2017\live666\live666\debug\netinterface.obj
e:\live\vs2017\live666\live666\debug\netaddress.obj
e:\live\vs2017\live666\live666\debug\iohandlers.obj
e:\live\vs2017\live666\live666\debug\groupsockhelper.obj
e:\live\vs2017\live666\live666\debug\groupsock.obj
e:\live\vs2017\live666\live666\debug\groupeid.obj
e:\live\vs2017\live666\live666\debug\delayqueue.obj
e:\live\vs2017\live666\live666\debug\basicusageenvironment0.obj
e:\live\vs2017\live666\live666\debug\basicusageenvironment.obj
e:\live\vs2017\live666\live666\debug\basictaskscheduler0.obj
e:\live\vs2017\live666\live666\debug\basictaskscheduler.obj
e:\live\vs2017\live666\live666\debug\basichashtable.obj
e:\live\vs2017\live666\live666\debug\dvvideostreamframer.obj
e:\live\vs2017\live666\live666\debug\dvvideortpsource.obj
e:\live\vs2017\live666\live666\debug\dvvideortpsink.obj
e:\live\vs2017\live666\live666\debug\dvvideofileservermediasubsession.obj
e:\live\vs2017\live666\live666\debug\digestauthentication.obj
e:\live\vs2017\live666\live666\debug\devicesource.obj
e:\live\vs2017\live666\live666\debug\bytestreammultifilesource.obj
e:\live\vs2017\live666\live666\debug\bytestreammemorybuffersource.obj
e:\live\vs2017\live666\live666\debug\bytestreamfilesource.obj
e:\live\vs2017\live666\live666\debug\bitvector.obj
e:\live\vs2017\live666\live666\debug\basicudpsource.obj
e:\live\vs2017\live666\live666\debug\basicudpsink.obj
e:\live\vs2017\live666\live666\debug\base64.obj
e:\live\vs2017\live666\live666\debug\avifilesink.obj
e:\live\vs2017\live666\live666\debug\audiortpsink.obj
e:\live\vs2017\live666\live666\debug\audioinputdevice.obj
e:\live\vs2017\live666\live666\debug\amraudiosource.obj
e:\live\vs2017\live666\live666\debug\amraudiortpsource.obj
e:\live\vs2017\live666\live666\debug\amraudiortpsink.obj
e:\live\vs2017\live666\live666\debug\amraudiofilesource.obj
e:\live\vs2017\live666\live666\debug\h264videofilesink.obj
e:\live\vs2017\live666\live666\debug\h264videofileservermediasubsession.obj
e:\live\vs2017\live666\live666\debug\h264or5videostreamframer.obj
e:\live\vs2017\live666\live666\debug\h264or5videostreamdiscreteframer.obj
e:\live\vs2017\live666\live666\debug\h264or5videortpsink.obj
e:\live\vs2017\live666\live666\debug\h264or5videofilesink.obj
e:\live\vs2017\live666\live666\debug\h263plusvideostreamparser.obj
e:\live\vs2017\live666\live666\debug\h263plusvideostreamframer.obj
e:\live\vs2017\live666\live666\debug\h263plusvideortpsource.obj
e:\live\vs2017\live666\live666\debug\h263plusvideortpsink.obj
e:\live\vs2017\live666\live666\debug\h263plusvideofileservermediasubsession.obj
e:\live\vs2017\live666\live666\debug\h261videortpsource.obj
e:\live\vs2017\live666\live666\debug\gsmaudiortpsink.obj
e:\live\vs2017\live666\live666\debug\genericmediaserver.obj
e:\live\vs2017\live666\live666\debug\framedsource.obj
e:\live\vs2017\live666\live666\debug\framedfilter.obj
e:\live\vs2017\live666\live666\debug\framedfilesource.obj
e:\live\vs2017\live666\live666\debug\filesink.obj
e:\live\vs2017\live666\live666\debug\fileservermediasubsession.obj
e:\live\vs2017\live666\live666\debug\ebmlnumber.obj
e:\live\vs2017\live666\live666\debug\matroskademuxedtrack.obj
e:\live\vs2017\live666\live666\debug\locale.obj
e:\live\vs2017\live666\live666\debug\jpegvideosource.obj
e:\live\vs2017\live666\live666\debug\jpegvideortpsource.obj
e:\live\vs2017\live666\live666\debug\jpegvideortpsink.obj
e:\live\vs2017\live666\live666\debug\jpeg2000videortpsource.obj
e:\live\vs2017\live666\live666\debug\jpeg2000videortpsink.obj
e:\live\vs2017\live666\live666\debug\inputfile.obj
e:\live\vs2017\live666\live666\debug\hmac_sha1.obj
e:\live\vs2017\live666\live666\debug\hlssegmenter.obj
e:\live\vs2017\live666\live666\debug\h265videostreamframer.obj
e:\live\vs2017\live666\live666\debug\h265videostreamdiscreteframer.obj
e:\live\vs2017\live666\live666\debug\h265videortpsource.obj
e:\live\vs2017\live666\live666\debug\h265videortpsink.obj
e:\live\vs2017\live666\live666\debug\h265videofilesink.obj
e:\live\vs2017\live666\live666\debug\h265videofileservermediasubsession.obj
e:\live\vs2017\live666\live666\debug\h264videostreamframer.obj
e:\live\vs2017\live666\live666\debug\h264videostreamdiscreteframer.obj
e:\live\vs2017\live666\live666\debug\h264videortpsource.obj
e:\live\vs2017\live666\live666\debug\h264videortpsink.obj
e:\live\vs2017\live666\live666\debug\mp3internalshuffman.obj
e:\live\vs2017\live666\live666\debug\mp3internals.obj
e:\live\vs2017\live666\live666\debug\mp3filesource.obj
e:\live\vs2017\live666\live666\debug\mp3audiomatroskafileservermediasubsession.obj
e:\live\vs2017\live666\live666\debug\mp3audiofileservermediasubsession.obj
e:\live\vs2017\live666\live666\debug\mp3adutranscoder.obj
e:\live\vs2017\live666\live666\debug\mp3adurtpsource.obj
e:\live\vs2017\live666\live666\debug\mp3adurtpsink.obj
e:\live\vs2017\live666\live666\debug\mp3aduinterleaving.obj
e:\live\vs2017\live666\live666\debug\mp3adudescriptor.obj
e:\live\vs2017\live666\live666\debug\mp3adu.obj
e:\live\vs2017\live666\live666\debug\mikey.obj
e:\live\vs2017\live666\live666\debug\mediasource.obj
e:\live\vs2017\live666\live666\debug\mediasink.obj
e:\live\vs2017\live666\live666\debug\mediasession.obj
e:\live\vs2017\live666\live666\debug\media.obj
e:\live\vs2017\live666\live666\debug\matroskafileservermediasubsession.obj
e:\live\vs2017\live666\live666\debug\matroskafileserverdemux.obj
e:\live\vs2017\live666\live666\debug\matroskafileparser.obj
e:\live\vs2017\live666\live666\debug\matroskafile.obj
e:\live\vs2017\live666\live666\debug\mpeg2transportstreamdemuxedtrack.obj
e:\live\vs2017\live666\live666\debug\mpeg2transportstreamdemux.obj
e:\live\vs2017\live666\live666\debug\mpeg2transportstreamaccumulator.obj
e:\live\vs2017\live666\live666\debug\mpeg2transportfileservermediasubsession.obj
e:\live\vs2017\live666\live666\debug\mpeg2indexfromtransportstream.obj
e:\live\vs2017\live666\live666\debug\mpeg1or2videostreamframer.obj
e:\live\vs2017\live666\live666\debug\mpeg1or2videostreamdiscreteframer.obj
e:\live\vs2017\live666\live666\debug\mpeg1or2videortpsource.obj
e:\live\vs2017\live666\live666\debug\mpeg1or2videortpsink.obj
e:\live\vs2017\live666\live666\debug\mpeg1or2videofileservermediasubsession.obj
e:\live\vs2017\live666\live666\debug\mpeg1or2fileserverdemux.obj
e:\live\vs2017\live666\live666\debug\mpeg1or2demuxedservermediasubsession.obj
e:\live\vs2017\live666\live666\debug\mpeg1or2demuxedelementarystream.obj
e:\live\vs2017\live666\live666\debug\mpeg1or2demux.obj
e:\live\vs2017\live666\live666\debug\mpeg1or2audiostreamframer.obj
e:\live\vs2017\live666\live666\debug\mpeg1or2audiortpsource.obj
e:\live\vs2017\live666\live666\debug\mpeg1or2audiortpsink.obj
e:\live\vs2017\live666\live666\debug\mp3transcoder.obj
e:\live\vs2017\live666\live666\debug\mp3streamstate.obj
e:\live\vs2017\live666\live666\debug\mp3internalshuffmantable.obj
e:\live\vs2017\live666\live666\debug\mpeg4videostreamframer.obj
e:\live\vs2017\live666\live666\debug\mpeg4videostreamdiscreteframer.obj
e:\live\vs2017\live666\live666\debug\mpeg4videofileservermediasubsession.obj
e:\live\vs2017\live666\live666\debug\mpeg4latmaudiortpsource.obj
e:\live\vs2017\live666\live666\debug\mpeg4latmaudiortpsink.obj
e:\live\vs2017\live666\live666\debug\mpeg4genericrtpsource.obj
e:\live\vs2017\live666\live666\debug\mpeg4genericrtpsink.obj
e:\live\vs2017\live666\live666\debug\mpeg4esvideortpsource.obj
e:\live\vs2017\live666\live666\debug\mpeg4esvideortpsink.obj
e:\live\vs2017\live666\live666\debug\mpeg2transportudpservermediasubsession.obj
e:\live\vs2017\live666\live666\debug\mpeg2transportstreamtrickmodefilter.obj
e:\live\vs2017\live666\live666\debug\mpeg2transportstreamparser_stream.obj
e:\live\vs2017\live666\live666\debug\mpeg2transportstreamparser_pmt.obj
e:\live\vs2017\live666\live666\debug\mpeg2transportstreamparser_pat.obj
e:\live\vs2017\live666\live666\debug\mpeg2transportstreamparser.obj
e:\live\vs2017\live666\live666\debug\mpeg2transportstreammultiplexor.obj
e:\live\vs2017\live666\live666\debug\mpeg2transportstreamindexfile.obj
e:\live\vs2017\live666\live666\debug\mpeg2transportstreamfrompessource.obj
e:\live\vs2017\live666\live666\debug\mpeg2transportstreamfromessource.obj
e:\live\vs2017\live666\live666\debug\mpeg2transportstreamframer.obj
e:\live\vs2017\live666\live666\debug\rawvideortpsource.obj
e:\live\vs2017\live666\live666\debug\rawvideortpsink.obj
e:\live\vs2017\live666\live666\debug\quicktimegenericrtpsource.obj
e:\live\vs2017\live666\live666\debug\quicktimefilesink.obj
e:\live\vs2017\live666\live666\debug\qcelpaudiortpsource.obj
e:\live\vs2017\live666\live666\debug\proxyservermediasession.obj
e:\live\vs2017\live666\live666\debug\passiveservermediasubsession.obj
e:\live\vs2017\live666\live666\debug\outputfile.obj
e:\live\vs2017\live666\live666\debug\ourmd5.obj
e:\live\vs2017\live666\live666\debug\ondemandservermediasubsession.obj
e:\live\vs2017\live666\live666\debug\oggfilesink.obj
e:\live\vs2017\live666\live666\debug\oggfileservermediasubsession.obj
e:\live\vs2017\live666\live666\debug\oggfileserverdemux.obj
e:\live\vs2017\live666\live666\debug\oggfileparser.obj
e:\live\vs2017\live666\live666\debug\oggfile.obj
e:\live\vs2017\live666\live666\debug\oggdemuxedtrack.obj
e:\live\vs2017\live666\live666\debug\multiframedrtpsource.obj
e:\live\vs2017\live666\live666\debug\multiframedrtpsink.obj
e:\live\vs2017\live666\live666\debug\mpegvideostreamparser.obj
e:\live\vs2017\live666\live666\debug\mpegvideostreamframer.obj
e:\live\vs2017\live666\live666\debug\textrtpsink.obj
e:\live\vs2017\live666\live666\debug\tcpstreamsink.obj
e:\live\vs2017\live666\live666\debug\t140textrtpsink.obj
e:\live\vs2017\live666\live666\debug\streamreplicator.obj
e:\live\vs2017\live666\live666\debug\streamparser.obj
e:\live\vs2017\live666\live666\debug\srtpcryptographiccontext.obj
e:\live\vs2017\live666\live666\debug\sipclient.obj
e:\live\vs2017\live666\live666\debug\simplertpsource.obj
e:\live\vs2017\live666\live666\debug\simplertpsink.obj
e:\live\vs2017\live666\live666\debug\servermediasession.obj
e:\live\vs2017\live666\live666\debug\rtspserversupportinghttpstreaming.obj
e:\live\vs2017\live666\live666\debug\rtspserverregister.obj
e:\live\vs2017\live666\live666\debug\rtspserver.obj
e:\live\vs2017\live666\live666\debug\rtspregistersender.obj
e:\live\vs2017\live666\live666\debug\rtspcommon.obj
e:\live\vs2017\live666\live666\debug\rtspclient.obj
e:\live\vs2017\live666\live666\debug\rtpsource.obj
e:\live\vs2017\live666\live666\debug\rtpsink.obj
e:\live\vs2017\live666\live666\debug\rtpinterface.obj
e:\live\vs2017\live666\live666\debug\rtcp.obj
e:\live\vs2017\live666\live666\debug\myrtspserver.obj
e:\live\vs2017\live666\live666\debug\mymetamediasubsession.obj
e:\live\vs2017\live666\live666\debug\mymetamediasource.obj
e:\live\vs2017\live666\live666\debug\live666.obj
e:\live\vs2017\live666\live666\debug\usageenvironment.obj
e:\live\vs2017\live666\live666\debug\strdup.obj
e:\live\vs2017\live666\live666\debug\hashtable.obj
e:\live\vs2017\live666\live666\debug\wavaudiofilesource.obj
e:\live\vs2017\live666\live666\debug\wavaudiofileservermediasubsession.obj
e:\live\vs2017\live666\live666\debug\vp9videortpsource.obj
e:\live\vs2017\live666\live666\debug\vp9videortpsink.obj
e:\live\vs2017\live666\live666\debug\vp8videortpsource.obj
e:\live\vs2017\live666\live666\debug\vp8videortpsink.obj
e:\live\vs2017\live666\live666\debug\vorbisaudiortpsource.obj
e:\live\vs2017\live666\live666\debug\vorbisaudiortpsink.obj
e:\live\vs2017\live666\live666\debug\videortpsink.obj
e:\live\vs2017\live666\live666\debug\ulawaudiofilter.obj
e:\live\vs2017\live666\live666\debug\tlsstate.obj
e:\live\vs2017\live666\live666\debug\theoravideortpsource.obj
e:\live\vs2017\live666\live666\debug\theoravideortpsink.obj
e:\live\vs2017\live666\live666\debug\rtcp_from_spec.obj
e:\live\vs2017\live666\live666\debug\inet.obj
e:\live\vs2017\live666\debug\live666.ilk
e:\live\vs2017\live666\debug\live666.exe
e:\live\vs2017\live666\debug\live666.pdb
e:\live\vs2017\live666\live666\debug\live666.tlog\cl.command.1.tlog
e:\live\vs2017\live666\live666\debug\live666.tlog\cl.read.1.tlog
e:\live\vs2017\live666\live666\debug\live666.tlog\cl.write.1.tlog
e:\live\vs2017\live666\live666\debug\live666.tlog\link.command.1.tlog
e:\live\vs2017\live666\live666\debug\live666.tlog\link.read.1.tlog
e:\live\vs2017\live666\live666\debug\live666.tlog\link.write.1.tlog
